\BOOKMARK [2][-]{figure.caption.1}{Abstract}{}% 1
\BOOKMARK [2][-]{figure.caption.1}{Acknowledgments}{}% 2
\BOOKMARK [2][-]{figure.caption.1}{Nomenclature}{}% 3
\BOOKMARK [1][-]{section.1}{Introduction}{}% 4
\BOOKMARK [2][-]{subsection.1.1}{Background}{section.1}% 5
\BOOKMARK [2][-]{subsection.1.2}{GA in the service of combustion problems}{section.1}% 6
\BOOKMARK [2][-]{subsection.1.3}{Intention statement}{section.1}% 7
\BOOKMARK [1][-]{section.2}{The Combustion Model}{}% 8
\BOOKMARK [2][-]{subsection.2.1}{The Spray Equation}{section.2}% 9
\BOOKMARK [3][-]{subsubsection.2.1.1}{Boundary conditions}{subsection.2.1}% 10
\BOOKMARK [3][-]{subsubsection.2.1.2}{Analytical solution}{subsection.2.1}% 11
\BOOKMARK [2][-]{subsection.2.2}{The Gaseous Phase Equation}{section.2}% 12
\BOOKMARK [3][-]{subsubsection.2.2.1}{Boundary conditions}{subsection.2.2}% 13
\BOOKMARK [3][-]{subsubsection.2.2.2}{Analytical solution}{subsection.2.2}% 14
\BOOKMARK [2][-]{subsection.2.3}{The Temperature Equation}{section.2}% 15
\BOOKMARK [3][-]{subsubsection.2.3.1}{Boundary conditions}{subsection.2.3}% 16
\BOOKMARK [3][-]{subsubsection.2.3.2}{Analytical solution}{subsection.2.3}% 17
\BOOKMARK [2][-]{subsection.2.4}{Results}{section.2}% 18
\BOOKMARK [3][-]{subsubsection.2.4.1}{Maximum flame height}{subsection.2.4}% 19
\BOOKMARK [3][-]{subsubsection.2.4.2}{Maximum tip flame temperature}{subsection.2.4}% 20
\BOOKMARK [2][-]{subsection.2.5}{Discussion}{section.2}% 21
\BOOKMARK [1][-]{section.3}{The Optimization Model}{}% 22
\BOOKMARK [2][-]{subsection.3.1}{Problem formulation}{section.3}% 23
\BOOKMARK [2][-]{subsection.3.2}{Explicit formulation}{section.3}% 24
\BOOKMARK [1][-]{section.4}{Results}{}% 25
\BOOKMARK [2][-]{subsection.4.1}{Flame height optimization}{section.4}% 26
\BOOKMARK [3][-]{subsubsection.4.1.1}{Discussion}{subsection.4.1}% 27
\BOOKMARK [2][-]{subsection.4.2}{Flame temperature Optimization}{section.4}% 28
\BOOKMARK [3][-]{subsubsection.4.2.1}{Discussion}{subsection.4.2}% 29
\BOOKMARK [3][-]{subsubsection.4.2.2}{Local underperformance}{subsection.4.2}% 30
\BOOKMARK [2][-]{subsection.4.3}{Optimization summary}{section.4}% 31
\BOOKMARK [2][-]{subsection.4.4}{P\351clet Number}{section.4}% 32
\BOOKMARK [3][-]{subsubsection.4.4.1}{Pe vs. flame height}{subsection.4.4}% 33
\BOOKMARK [3][-]{subsubsection.4.4.2}{Discussion}{subsection.4.4}% 34
\BOOKMARK [3][-]{subsubsection.4.4.3}{Pe vs. flame temperature}{subsection.4.4}% 35
\BOOKMARK [3][-]{subsubsection.4.4.4}{Discussion}{subsection.4.4}% 36
\BOOKMARK [2][-]{subsection.4.5}{Empirical validation}{section.4}% 37
\BOOKMARK [1][-]{section.5}{Conclusions}{}% 38
\BOOKMARK [2][-]{subsection.5.1}{Further Work}{section.5}% 39
\BOOKMARK [1][-]{subsection.5.1}{References}{}% 40
\BOOKMARK [1][-]{Item.21}{Appendices}{}% 41
\BOOKMARK [2][-]{section*.46}{Appendix A}{Item.21}% 42
\BOOKMARK [2][-]{figure.caption.48}{Appendix B}{Item.21}% 43
\BOOKMARK [2][-]{figure.caption.49}{Appendix C}{Item.21}% 44
